<?xml version="1.0" encoding="UTF-8"?>
<!-- Generated by org.testng.reporters.JUnitXMLReporter -->
<testsuite ignored="0" hostname="DESKTOP-C4LC40M" failures="0" tests="5" name="Test" time="10.042" errors="0" timestamp="2022-11-25T16:44:19 IST">
  <testcase classname="TestLayer.LoginPageTest" name="validateLoginFunctionality" time="0.353"/>
  <testcase classname="TestLayer.HomePageTest" name="validateHomePageTitle" time="0.014"/>
  <testcase classname="TestLayer.HomePageTest" name="validateHomePageUrl" time="0.01"/>
  <testcase classname="TestLayer.HomePageTest" name="validateHomePageLogo" time="1.663"/>
  <testcase classname="TestLayer.HomePageTest" name="validateHomePageLoggedUsername" time="0.048"/>
</testsuite> <!-- Test -->
