<?xml version="1.0" encoding="UTF-8"?>
<testng-results ignored="0" total="1" passed="1" failed="0" skipped="0">
  <reporter-output>
  </reporter-output>
  <suite started-at="2022-11-25T21:21:21 IST" name="Default suite" finished-at="2022-11-25T21:21:32 IST" duration-ms="10684">
    <groups>
      <group name="Regression">
        <method signature="LoginPageTest.validateLoginFunctionality()[pri:0, instance:TestLayer.LoginPageTest@268f106e]" name="validateLoginFunctionality" class="TestLayer.LoginPageTest"/>
      </group> <!-- Regression -->
      <group name="LoginPage">
        <method signature="LoginPageTest.validateLoginFunctionality()[pri:0, instance:TestLayer.LoginPageTest@268f106e]" name="validateLoginFunctionality" class="TestLayer.LoginPageTest"/>
      </group> <!-- LoginPage -->
    </groups>
    <test started-at="2022-11-25T21:21:21 IST" name="Default test" finished-at="2022-11-25T21:21:32 IST" duration-ms="10684">
      <class name="TestLayer.LoginPageTest">
        <test-method is-config="true" signature="setUp()[pri:0, instance:TestLayer.LoginPageTest@268f106e]" started-at="2022-11-25T21:21:21 IST" name="setUp" finished-at="2022-11-25T21:21:31 IST" duration-ms="10112" status="PASS">
          <reporter-output>
          </reporter-output>
        </test-method> <!-- setUp -->
        <test-method signature="validateLoginFunctionality()[pri:0, instance:TestLayer.LoginPageTest@268f106e]" started-at="2022-11-25T21:21:31 IST" name="validateLoginFunctionality" finished-at="2022-11-25T21:21:31 IST" duration-ms="358" status="PASS">
          <reporter-output>
          </reporter-output>
        </test-method> <!-- validateLoginFunctionality -->
        <test-method is-config="true" signature="tearDown()[pri:0, instance:TestLayer.LoginPageTest@268f106e]" started-at="2022-11-25T21:21:31 IST" name="tearDown" finished-at="2022-11-25T21:21:32 IST" duration-ms="172" status="PASS">
          <reporter-output>
          </reporter-output>
        </test-method> <!-- tearDown -->
      </class> <!-- TestLayer.LoginPageTest -->
    </test> <!-- Default test -->
  </suite> <!-- Default suite -->
</testng-results>
