<?xml version="1.0" encoding="UTF-8"?>
<!-- Generated by org.testng.reporters.JUnitXMLReporter -->
<testsuite ignored="0" hostname="DESKTOP-C4LC40M" failures="0" tests="5" name="Home Page Test" time="9.975" errors="0" timestamp="2022-11-25T16:47:58 IST">
  <testcase classname="TestLayer.LoginPageTest" name="validateLoginFunctionality" time="0.34"/>
  <testcase classname="TestLayer.HomePageTest" name="validateHomePageTitle" time="0.01"/>
  <testcase classname="TestLayer.HomePageTest" name="validateHomePageUrl" time="0.008"/>
  <testcase classname="TestLayer.HomePageTest" name="validateHomePageLogo" time="1.663"/>
  <testcase classname="TestLayer.HomePageTest" name="validateHomePageLoggedUsername" time="0.053"/>
</testsuite> <!-- Home Page Test -->
